<?xml version="1.0" encoding="UTF-8"?>
<!-- Generated by org.testng.reporters.JUnitReportReporter -->
<testsuite skipped="0" hostname="MAVBCP3184" name="Activity.JavaSE_getName" tests="1" failures="0" timestamp="2021-10-01T13:16:38 IST" time="8.279" errors="0">
  <testcase name="Login" time="8.279" classname="Activity.JavaSE_getName"/>
  <system-out/>
</testsuite> <!-- Activity.JavaSE_getName -->
