<?xml version="1.0" encoding="UTF-8"?>
<!-- Generated by org.testng.reporters.JUnitReportReporter -->
<testsuite hostname="MAVBCP3184" failures="0" tests="1" name="seleniumproject.BStackTakeScreenshot" time="6.766" errors="0" timestamp="2021-09-23T14:32:38 IST" skipped="0">
  <testcase classname="seleniumproject.BStackTakeScreenshot" name="testBStackTakeScreenShot" time="6.766"/>
  <system-out/>
</testsuite> <!-- seleniumproject.BStackTakeScreenshot -->
