<?xml version="1.0" encoding="UTF-8"?>
<!-- Generated by org.testng.reporters.JUnitReportReporter -->
<testsuite skipped="0" hostname="MAVBCP3184" name="Activity.JavaSE_Test" tests="1" failures="0" timestamp="2021-10-01T14:17:38 IST" time="18.721" errors="0">
  <testcase name="Login" time="18.721" classname="Activity.JavaSE_Test"/>
  <system-out/>
</testsuite> <!-- Activity.JavaSE_Test -->
