<?xml version="1.0" encoding="UTF-8"?>
<!-- Generated by org.testng.reporters.JUnitReportReporter -->
<testsuite hostname="MAVBCP3184" failures="0" tests="2" name="Activity.DataManagement" time="88.787" errors="0" timestamp="2021-09-27T17:21:24 IST" skipped="0">
  <testcase classname="Activity.DataManagement" name="Ether" time="29.822"/>
  <system-out/>
  <testcase classname="Activity.DataManagement" name="Ether" time="58.965"/>
  <system-out/>
</testsuite> <!-- Activity.DataManagement -->
