<?xml version="1.0" encoding="UTF-8"?>
<!-- Generated by org.testng.reporters.JUnitReportReporter -->
<testsuite skipped="0" hostname="MAVBCP3184" name="seleniumproject.JavaSE_Test" tests="1" failures="0" timestamp="2021-10-01T13:02:21 IST" time="12.294" errors="0">
  <testcase name="Login" time="12.294" classname="seleniumproject.JavaSE_Test"/>
  <system-out/>
</testsuite> <!-- seleniumproject.JavaSE_Test -->
