<?xml version="1.0" encoding="UTF-8"?>
<!-- Generated by org.testng.reporters.JUnitReportReporter -->
<testsuite skipped="0" hostname="MAVBCP3184" name="seleniumproject.ExcelHandling" tests="1" failures="0" timestamp="2021-09-30T14:26:10 IST" time="12.954" errors="0">
  <testcase name="testAut" time="12.954" classname="seleniumproject.ExcelHandling"/>
  <system-out/>
</testsuite> <!-- seleniumproject.ExcelHandling -->
