<?xml version="1.0" encoding="UTF-8"?>
<!-- Generated by org.testng.reporters.JUnitReportReporter -->
<testsuite hostname="MAVBCP3184" failures="0" tests="1" name="seleniumproject.Sample" time="16.987" errors="0" timestamp="2021-09-23T10:15:19 IST" skipped="0">
  <testcase classname="seleniumproject.Sample" name="masel" time="16.987"/>
  <system-out/>
</testsuite> <!-- seleniumproject.Sample -->
