<?xml version="1.0" encoding="UTF-8"?>
<!-- Generated by org.testng.reporters.JUnitReportReporter -->
<testsuite hostname="MAVBCP3184" failures="0" tests="2" name="seleniumproject.RecorderScript" time="41.697" errors="0" timestamp="2021-09-28T10:56:58 IST" skipped="0">
  <testcase classname="seleniumproject.RecorderScript" name="testParameterWithXML" time="18.505"/>
  <system-out/>
  <testcase classname="seleniumproject.RecorderScript" name="testParameterWithXML" time="23.192"/>
  <system-out/>
</testsuite> <!-- seleniumproject.RecorderScript -->
