<?xml version="1.0" encoding="UTF-8"?>
<!-- Generated by org.testng.reporters.JUnitReportReporter -->
<testsuite hostname="MAVBCP3184" failures="0" tests="1" name="seleniumproject.CrossBrowserScript" time="18.817" errors="0" timestamp="2021-09-26T12:45:00 IST" skipped="0">
  <testcase classname="seleniumproject.CrossBrowserScript" name="testParameterWithXML" time="18.817"/>
  <system-out/>
</testsuite> <!-- seleniumproject.CrossBrowserScript -->
