<?xml version="1.0" encoding="UTF-8"?>
<!-- Generated by org.testng.reporters.JUnitReportReporter -->
<testsuite skipped="0" hostname="MAVBCP3184" name="seleniumproject.parallelTest" tests="4" failures="0" timestamp="2021-10-03T13:17:50 IST" time="57.388" errors="0">
  <testcase name="login_Testcase" time="8.352" classname="seleniumproject.parallelTest"/>
  <system-out/>
  <testcase name="login_Testcase" time="7.784" classname="seleniumproject.parallelTest"/>
  <system-out/>
  <testcase name="search_Testcase" time="20.753" classname="seleniumproject.parallelTest"/>
  <system-out/>
  <testcase name="search_Testcase" time="20.499" classname="seleniumproject.parallelTest"/>
  <system-out/>
</testsuite> <!-- seleniumproject.parallelTest -->
