<?xml version="1.0" encoding="UTF-8"?>
<!-- Generated by org.testng.reporters.JUnitReportReporter -->
<testsuite skipped="0" hostname="MAVBCP3184" name="seleniumproject.parallelTest" tests="4" failures="0" timestamp="2021-10-03T14:13:18 IST" time="86.618" errors="0">
  <testcase name="login_Testcase" time="8.770" classname="seleniumproject.parallelTest"/>
  <system-out/>
  <testcase name="login_Testcase" time="11.744" classname="seleniumproject.parallelTest"/>
  <system-out/>
  <testcase name="search_Testcase" time="29.976" classname="seleniumproject.parallelTest"/>
  <system-out/>
  <testcase name="search_Testcase" time="36.128" classname="seleniumproject.parallelTest"/>
  <system-out/>
</testsuite> <!-- seleniumproject.parallelTest -->
