<?xml version="1.0" encoding="UTF-8"?>
<!-- Generated by org.testng.reporters.JUnitReportReporter -->
<testsuite skipped="0" hostname="MAVBCP3184" name="seleniumproject.Sample" tests="1" failures="0" timestamp="2021-09-29T11:43:54 IST" time="19.055" errors="0">
  <testcase name="masel" time="19.055" classname="seleniumproject.Sample"/>
  <system-out/>
</testsuite> <!-- seleniumproject.Sample -->
