<?xml version="1.0" encoding="UTF-8"?>
<!-- Generated by org.testng.reporters.JUnitReportReporter -->
<testsuite skipped="0" hostname="MAVBCP3184" name="seleniumproject.parallelTest" tests="4" failures="0" timestamp="2021-10-03T14:28:56 IST" time="86.041" errors="0">
  <testcase name="login_Testcase" time="10.408" classname="seleniumproject.parallelTest"/>
  <system-out/>
  <testcase name="search_Testcase" time="33.835" classname="seleniumproject.parallelTest"/>
  <system-out/>
  <testcase name="login_Testcase" time="9.450" classname="seleniumproject.parallelTest"/>
  <system-out/>
  <testcase name="search_Testcase" time="32.348" classname="seleniumproject.parallelTest"/>
  <system-out/>
</testsuite> <!-- seleniumproject.parallelTest -->
